\BOOKMARK [0][-]{part.1}{\376\377\000I\000\040\000D\000E\000L\000\040\000I\000N\000S\000T\000I\000T\000U\000T\000O}{}% 1
\BOOKMARK [1][-]{section*.1}{\376\377\000C\000A\000P\000\315\000T\000U\000L\000O\000\040\000I\000.\000\040\000D\000E\000\040\000L\000A\000\040\000I\000D\000E\000N\000T\000I\000D\000A\000D\000,\000\040\000O\000R\000I\000G\000E\000N\000\040\000Y\000\040\000L\000A\000\040\000A\000U\000T\000O\000N\000O\000M\000\315\000A\000\040}{part.1}% 2
\BOOKMARK [1][-]{section*.11}{\376\377\000C\000A\000P\000\315\000T\000U\000L\000O\000\040\000I\000I\000.\000\040\000D\000E\000\040\000L\000O\000S\000\040\000F\000I\000N\000E\000S\000\040\000Y\000\040\000O\000B\000J\000E\000T\000I\000V\000O\000S\000\040}{part.1}% 3
\BOOKMARK [1][-]{section*.16}{\376\377\000C\000A\000P\000\315\000T\000U\000L\000O\000\040\000I\000I\000I\000.\000\040\000D\000E\000L\000\040\000M\000A\000R\000C\000O\000\040\000F\000I\000L\000O\000S\000\323\000F\000I\000C\000O\000,\000\040\000A\000X\000I\000O\000L\000\323\000G\000I\000C\000O\000\040\000Y\000\040\000P\000R\000O\000P\000\323\000S\000I\000T\000O\000S\000\040}{part.1}% 4
\BOOKMARK [0][-]{part.2}{\376\377\000I\000I\000\040\000D\000E\000\040\000L\000A\000\040\000P\000R\000O\000M\000O\000T\000O\000R\000A}{}% 5
\BOOKMARK [0][-]{part.3}{\376\377\000I\000I\000I\000\040\000D\000E\000L\000\040\000\323\000R\000G\000A\000N\000O\000\040\000D\000E\000\040\000G\000O\000B\000I\000E\000R\000N\000O\000\040\000D\000E\000L\000\040\000I\000S\000T\000A\000T}{}% 6
\BOOKMARK [1][-]{section*.32}{\376\377\000C\000A\000P\000\315\000T\000U\000L\000O\000\040\000I\000V\000.\000\040\000D\000E\000L\000\040\000C\000O\000N\000S\000E\000J\000O\000\040\000A\000D\000M\000I\000N\000I\000S\000T\000R\000A\000T\000I\000V\000O}{part.3}% 7
\BOOKMARK [0][-]{part.4}{\376\377\000I\000V\000\040\000D\000E\000\040\000L\000A\000\040\000P\000L\000A\000N\000I\000F\000I\000C\000A\000C\000I\000\323\000N\000\040\000Y\000\040\000G\000E\000S\000T\000I\000\323\000N\000\040\000I\000N\000S\000T\000I\000T\000U\000C\000I\000O\000N\000A\000L}{}% 8
\BOOKMARK [0][-]{part.5}{\376\377\000V\000\040\000D\000E\000\040\000L\000A\000\040\000A\000D\000M\000I\000N\000I\000S\000T\000R\000A\000C\000I\000\323\000N\000\040\000D\000E\000L\000\040\000I\000S\000T\000A\000T\000,\000\040\000O\000R\000G\000A\000N\000I\000Z\000A\000C\000I\000\323\000N\000\040\000I\000N\000S\000T\000I\000T\000U\000C\000I\000O\000N\000A\000L}{}% 9
\BOOKMARK [1][-]{section*.49}{\376\377\000C\000A\000P\000\315\000T\000U\000L\000O\000\040\000I\000.\000\040\000D\000E\000L\000\040\000D\000I\000R\000E\000C\000T\000O\000R\000\040\000G\000E\000N\000E\000R\000A\000L}{part.5}% 10
\BOOKMARK [1][-]{section*.64}{\376\377\000C\000A\000P\000\315\000T\000U\000L\000O\000\040\000I\000I\000.\000\040\000D\000E\000L\000\040\000D\000I\000R\000E\000C\000T\000O\000R\000\040\000A\000C\000A\000D\000\311\000M\000I\000C\000O}{part.5}% 11
\BOOKMARK [1][-]{section*.71}{\376\377\000C\000A\000P\000\315\000T\000U\000L\000O\000\040\000I\000I\000I\000.\000\040\000D\000E\000L\000\040\000D\000I\000R\000E\000C\000T\000O\000R\000\040\000F\000I\000N\000A\000N\000C\000I\000E\000R\000O}{part.5}% 12
\BOOKMARK [1][-]{section*.78}{\376\377\000C\000A\000P\000\315\000T\000U\000L\000O\000\040\000I\000V\000.\000\040\000D\000E\000L\000\040\000D\000I\000R\000E\000C\000T\000O\000R\000\040\000D\000E\000\040\000B\000I\000E\000N\000E\000S\000T\000A\000R\000\040\000E\000S\000T\000U\000D\000I\000A\000N\000T\000I\000L}{part.5}% 13
\BOOKMARK [0][-]{part.6}{\376\377\000V\000I\000\040\000T\000\315\000T\000U\000L\000O\000\040\000D\000E\000\040\000L\000A\000\040\000O\000R\000G\000A\000N\000I\000Z\000A\000C\000I\000\323\000N\000\040\000A\000C\000A\000D\000\311\000M\000I\000C\000A}{}% 14
\BOOKMARK [1][-]{section*.85}{\376\377\000C\000A\000P\000\315\000T\000U\000L\000O\000\040\000V\000.\000\040\000D\000E\000\040\000L\000O\000S\000\040\000P\000R\000O\000G\000R\000A\000M\000A\000S\000\040\000D\000E\000\040\000E\000S\000T\000U\000D\000I\000O}{part.6}% 15
\BOOKMARK [1][-]{section*.99}{\376\377\000S\000U\000B\000C\000A\000P\000\315\000T\000U\000L\000O\000\040\000I\000.\000\040\000D\000E\000L\000\040\000C\000O\000O\000R\000D\000I\000N\000A\000D\000O\000R\000\040\000D\000E\000L\000\040\000P\000R\000O\000G\000R\000A\000M\000A\000\040\000D\000E\000\040\000E\000S\000T\000U\000D\000I\000O\000S}{part.6}% 16
\BOOKMARK [0][-]{part.7}{\376\377\000V\000I\000I\000\040\000D\000E\000L\000\040\000R\000\311\000G\000I\000M\000E\000N\000\040\000A\000C\000A\000D\000\311\000M\000I\000C\000O}{}% 17
\BOOKMARK [1][-]{section*.105}{\376\377\000C\000A\000P\000\315\000T\000U\000L\000O\000\040\000V\000I\000.\000\040\000D\000E\000L\000\040\000M\000O\000D\000E\000L\000O\000\040\000Y\000\040\000D\000I\000S\000E\000\321\000O\000\040\000C\000U\000R\000R\000I\000C\000U\000L\000A\000R}{part.7}% 18
\BOOKMARK [1][-]{section*.115}{\376\377\000C\000A\000P\000\315\000T\000U\000L\000O\000\040\000V\000I\000I\000.\000\040\000D\000E\000\040\000L\000O\000S\000\040\000E\000S\000T\000U\000D\000I\000O\000S}{part.7}% 19
\BOOKMARK [1][-]{section*.121}{\376\377\000S\000U\000B\000C\000A\000P\000\315\000T\000U\000L\000O\000\040\000I\000I\000.\000\040\000D\000E\000\040\000L\000A\000S\000\040\000M\000O\000D\000A\000L\000I\000D\000A\000D\000E\000S\000\040\000D\000E\000\040\000E\000S\000T\000U\000D\000I\000O}{part.7}% 20
\BOOKMARK [1][-]{section*.126}{\376\377\000C\000A\000P\000\315\000T\000U\000L\000O\000\040\000V\000I\000I\000I\000.\000\040\000D\000E\000L\000\040\000P\000E\000R\000\315\000O\000D\000O\000\040\000O\000\040\000S\000E\000M\000E\000S\000T\000R\000E\000\040\000A\000C\000A\000D\000\311\000M\000I\000C\000O}{part.7}% 21
\BOOKMARK [1][-]{section*.133}{\376\377\000C\000A\000P\000\315\000T\000U\000L\000O\000\040\000I\000X\000.\000\040\000D\000E\000L\000\040\000S\000I\000S\000T\000E\000M\000A\000\040\000D\000E\000\040\000E\000V\000A\000L\000U\000A\000C\000I\000\323\000N}{part.7}% 22
\BOOKMARK [1][-]{section*.145}{\376\377\000C\000A\000P\000\315\000T\000U\000L\000O\000\040\000X\000.\000\040\000D\000E\000\040\000L\000O\000S\000\040\000T\000\315\000T\000U\000L\000O\000S}{part.7}% 23
\BOOKMARK [1][-]{section*.166}{\376\377\000C\000A\000P\000\315\000T\000U\000L\000O\000\040\000X\000I\000.\000\040\000D\000E\000\040\000L\000A\000\040\000M\000I\000S\000I\000\323\000N\000,\000\040\000E\000X\000T\000E\000N\000S\000I\000\323\000N\000\040\000C\000U\000L\000T\000U\000R\000A\000L\000\040\000Y\000\040\000P\000R\000O\000Y\000E\000C\000C\000I\000\323\000N\000\040\000S\000O\000C\000I\000A\000L}{part.7}% 24
\BOOKMARK [1][-]{section*.174}{\376\377\000C\000A\000P\000\315\000T\000U\000L\000O\000\040\000X\000I\000I\000.\000\040\000D\000E\000\040\000L\000A\000S\000\040\000E\000X\000P\000E\000R\000I\000E\000N\000C\000I\000A\000S\000\040\000F\000O\000R\000M\000A\000T\000I\000V\000A\000S\000\040\000E\000N\000\040\000S\000I\000T\000U\000A\000C\000I\000O\000N\000E\000S\000\040\000R\000E\000A\000L\000E\000S\000\040\000D\000E\000\040\000T\000R\000A\000B\000A\000J\000O}{part.7}% 25
\BOOKMARK [1][-]{section*.183}{\376\377\000C\000A\000P\000\315\000T\000U\000L\000O\000\040\000X\000I\000I\000I\000.\000\040\000D\000E\000\040\000L\000O\000S\000\040\000R\000E\000G\000I\000S\000T\000R\000O\000S\000\040\000E\000\040\000I\000N\000F\000O\000R\000M\000A\000C\000I\000\323\000N}{part.7}% 26
\BOOKMARK [1][-]{section*.193}{\376\377\000C\000A\000P\000\315\000T\000U\000L\000O\000\040\000X\000I\000V\000.\000\040\000D\000E\000\040\000L\000A\000\040\000O\000R\000G\000A\000N\000I\000Z\000A\000C\000I\000\323\000N\000\040\000C\000U\000R\000R\000I\000C\000U\000L\000A\000R}{part.7}% 27
\BOOKMARK [0][-]{part.8}{\376\377\000V\000I\000I\000I\000\040\000D\000E\000\040\000L\000O\000S\000\040\000E\000S\000T\000U\000D\000I\000A\000N\000T\000E\000S}{}% 28
\BOOKMARK [1][-]{section*.206}{\376\377\000C\000A\000P\000\315\000T\000U\000L\000O\000\040\000X\000V\000.\000\040\000D\000E\000\040\000L\000A\000\040\000A\000D\000M\000I\000S\000I\000\323\000N\000,\000\040\000M\000A\000T\000R\000\315\000C\000U\000L\000A\000\040\000Y\000\040\000E\000S\000T\000U\000D\000I\000O\000S}{part.8}% 29
\BOOKMARK [1][-]{section*.223}{\376\377\000C\000A\000P\000\315\000T\000U\000L\000O\000\040\000X\000V\000I\000.\000\040\000D\000E\000\040\000L\000O\000S\000\040\000D\000E\000B\000E\000R\000E\000S\000\040\000D\000E\000L\000\040\000E\000S\000T\000U\000D\000I\000A\000N\000T\000E}{part.8}% 30
\BOOKMARK [1][-]{section*.231}{\376\377\000C\000A\000P\000\315\000T\000U\000L\000O\000\040\000X\000V\000I\000I\000.\000\040\000D\000E\000\040\000L\000O\000S\000\040\000D\000E\000R\000E\000C\000H\000O\000S}{part.8}% 31
\BOOKMARK [1][-]{section*.238}{\376\377\000C\000A\000P\000\315\000T\000U\000L\000O\000\040\000X\000V\000I\000I\000I\000.\000\040\000D\000E\000\040\000L\000A\000S\000\040\000S\000A\000N\000C\000I\000O\000N\000E\000S}{part.8}% 32
\BOOKMARK [1][-]{section*.239}{\376\377\000C\000A\000P\000\315\000T\000U\000L\000O\000\040\000X\000I\000X\000.\000\040\000D\000E\000\040\000L\000A\000\040\000C\000O\000N\000V\000A\000L\000I\000D\000A\000C\000I\000\323\000N}{part.8}% 33
\BOOKMARK [1][-]{section*.242}{\376\377\000C\000A\000P\000\315\000T\000U\000L\000O\000\040\000X\000X\000.\000\040\000D\000E\000\040\000L\000O\000S\000\040\000T\000R\000A\000S\000L\000A\000D\000O\000S}{part.8}% 34
\BOOKMARK [0][-]{part.9}{\376\377\000I\000X\000\040\000D\000E\000\040\000L\000O\000S\000\040\000D\000O\000C\000E\000N\000T\000E\000S}{}% 35
\BOOKMARK [1][-]{section*.243}{\376\377\000C\000A\000P\000\315\000T\000U\000L\000O\000\040\000X\000X\000I\000.\000\040\000D\000E\000\040\000L\000A\000\040\000S\000E\000L\000E\000C\000C\000I\000\323\000N\000\040\000Y\000\040\000C\000O\000N\000C\000U\000R\000S\000O\000\040\000D\000O\000C\000E\000N\000T\000E}{part.9}% 36
\BOOKMARK [1][-]{section*.247}{\376\377\000C\000A\000P\000\315\000T\000U\000L\000O\000\040\000X\000X\000I\000I\000.\000\040\000D\000E\000L\000\040\000R\000\311\000G\000I\000M\000E\000N\000\040\000Y\000\040\000F\000U\000N\000C\000I\000O\000N\000E\000S\000\040\000D\000O\000C\000E\000N\000T\000E\000S\000\040}{part.9}% 37
\BOOKMARK [1][-]{section*.254}{\376\377\000C\000A\000P\000\315\000T\000U\000L\000O\000\040\000X\000X\000I\000I\000I\000.\000\040\000D\000E\000\040\000L\000O\000S\000\040\000D\000E\000B\000E\000R\000E\000S\000\040\000Y\000\040\000D\000E\000R\000E\000C\000H\000O\000S\000\040\000D\000E\000\040\000L\000O\000S\000\040\000D\000O\000C\000E\000N\000T\000E\000S}{part.9}% 38
\BOOKMARK [1][-]{section*.269}{\376\377\000C\000A\000P\000\315\000T\000U\000L\000O\000\040\000X\000X\000I\000V\000.\000\040\000D\000E\000\040\000L\000A\000S\000\040\000S\000A\000N\000C\000I\000O\000N\000E\000S\000\040\000E\000\040\000I\000N\000F\000R\000A\000C\000C\000I\000O\000N\000E\000S}{part.9}% 39
\BOOKMARK [0][-]{part.10}{\376\377\000X\000\040\000D\000E\000L\000\040\000R\000\311\000G\000I\000M\000E\000N\000\040\000E\000C\000O\000N\000\323\000M\000I\000C\000O\000\040}{}% 40
\BOOKMARK [1][-]{section*.278}{\376\377\000C\000A\000P\000\315\000T\000U\000L\000O\000\040\000X\000X\000V\000.\000\040\000D\000E\000\040\000L\000O\000S\000\040\000R\000E\000C\000U\000R\000S\000O\000S\000\040\000F\000I\000N\000A\000N\000C\000I\000E\000R\000O\000S}{part.10}% 41
\BOOKMARK [1][-]{section*.280}{\376\377\000C\000A\000P\000\315\000T\000U\000L\000O\000\040\000X\000X\000V\000I\000.\000\040\000D\000E\000\040\000L\000O\000S\000\040\000B\000I\000E\000N\000E\000S\000\040\000Y\000\040\000B\000E\000N\000E\000F\000I\000C\000I\000O\000S\000\040}{part.10}% 42
\BOOKMARK [1][-]{section*.296}{\376\377\000A\000n\000e\000x\000o\000s}{part.10}% 43
